started Fri 22/03/2019 15:32:53.17 
Install pywin32 or com functions will not work
Running on http://0.0.0.0:8050/
Debugger PIN: 065-482-215
 * Serving Flask app "app" (lazy loading)
 * Environment: production
   WARNING: Do not use the development server in a production environment.
   Use a production WSGI server instead.
 * Debug mode: on
Install pywin32 or com functions will not work
Running on http://0.0.0.0:8050/
Debugger PIN: 601-441-342
started Fri 22/03/2019 15:54:28.00 
Install pywin32 or com functions will not work
Install a proper ODBC mssql driver
started Fri 22/03/2019 15:56:38.77 
Install pywin32 or com functions will not work
Running on http://0.0.0.0:8050/
Debugger PIN: 472-094-730
 * Serving Flask app "app" (lazy loading)
 * Environment: production
   WARNING: Do not use the development server in a production environment.
   Use a production WSGI server instead.
 * Debug mode: on
Install pywin32 or com functions will not work
Running on http://0.0.0.0:8050/
Debugger PIN: 545-567-567
started Fri 22/03/2019 16:17:41.09 
started Fri 22/03/2019 16:17:51.60 
